C:\Users\HOME\Desktop\Asad\EDUCATION CITY STRUCTURE DRAWINGS\FIRE FIGHTING PUMP ROOM & U.G.W.T\FIRE FIGHTING PUMP ROOM & U.G.W.T.dwg,Model,2/18/2023 11:07:55 PM,HOME,XRX WC 5855 (31004D),A4,1:3.23418,
C:\Users\HOME\Desktop\Asad\EDUCATION CITY STRUCTURE DRAWINGS\FIRE FIGHTING PUMP ROOM & U.G.W.T\FIRE FIGHTING PUMP ROOM & U.G.W.T.dwg,Model,2/18/2023 11:08:14 PM,HOME,XRX WC 5855 (31004D),A4,1:3.2726,
C:\Users\HOME\Desktop\Asad\EDUCATION CITY STRUCTURE DRAWINGS\FIRE FIGHTING PUMP ROOM & U.G.W.T\FIRE FIGHTING PUMP ROOM & U.G.W.T.dwg,Model,2/18/2023 11:08:47 PM,HOME,XRX WC 5855 (31004D),A4,1:3.35225,
C:\Users\HOME\Desktop\Asad\EDUCATION CITY STRUCTURE DRAWINGS\FIRE FIGHTING PUMP ROOM & U.G.W.T\FIRE FIGHTING PUMP ROOM & U.G.W.T.dwg,Model,2/18/2023 11:10:51 PM,HOME,Microsoft Print to PDF,A4,1:2.30158,
C:\Users\HOME\Desktop\Asad\EDUCATION CITY STRUCTURE DRAWINGS\FIRE FIGHTING PUMP ROOM & U.G.W.T\FIRE FIGHTING PUMP ROOM & U.G.W.T.dwg,Model,2/18/2023 11:11:33 PM,HOME,Microsoft Print to PDF,A4,1:3.21456,
C:\Users\HOME\Desktop\Asad\EDUCATION CITY STRUCTURE DRAWINGS\FIRE FIGHTING PUMP ROOM & U.G.W.T\FIRE FIGHTING PUMP ROOM & U.G.W.T.dwg,Model,2/18/2023 11:11:51 PM,HOME,Microsoft Print to PDF,A4,1:3.64607,
C:\Users\HOME\Desktop\Asad\EDUCATION CITY STRUCTURE DRAWINGS\SOAK PIT & SEPTIC TANK\SOAK PIT & SEPTIC TANK-STRUCTURE.dwg,Model,2/18/2023 11:12:50 PM,HOME,Microsoft Print to PDF,A4,1:1.70382,
C:\Users\HOME\Desktop\Asad\EDUCATION CITY STRUCTURE DRAWINGS\SOAK PIT & SEPTIC TANK\SOAK PIT & SEPTIC TANK-STRUCTURE.dwg,Model,2/18/2023 11:13:19 PM,HOME,Microsoft Print to PDF,A4,1:1.70614,
C:\Users\HOME\Desktop\Asad\EDUCATION CITY STRUCTURE DRAWINGS\SOAK PIT & SEPTIC TANK\SOAK PIT & SEPTIC TANK-STRUCTURE.dwg,Model,2/18/2023 11:13:35 PM,HOME,Microsoft Print to PDF,A4,1:1.70339,
C:\Users\HOME\Desktop\Asad\EDUCATION CITY STRUCTURE DRAWINGS\SOAK PIT & SEPTIC TANK\SOAK PIT & SEPTIC TANK-STRUCTURE.dwg,Model,2/18/2023 11:14:34 PM,HOME,Microsoft Print to PDF,A4,1:1.55441,
C:\Users\HOME\Desktop\Asad\EDUCATION CITY STRUCTURE DRAWINGS\STROM WATER TANK & PUMP HOUSE\STROM WATER TANK STRUCTURE.dwg,Model,2/18/2023 11:15:18 PM,HOME,Microsoft Print to PDF,A4,1:1.58989,
C:\Users\HOME\Desktop\Asad\EDUCATION CITY STRUCTURE DRAWINGS\STROM WATER TANK & PUMP HOUSE\STROM WATER TANK STRUCTURE.dwg,Model,2/18/2023 11:15:51 PM,HOME,Microsoft Print to PDF,A4,1:1.70018,
C:\Users\HOME\Desktop\Asad\EDUCATION CITY STRUCTURE DRAWINGS\STROM WATER TANK & PUMP HOUSE\STROM WATER TANK STRUCTURE.dwg,Model,2/18/2023 11:16:05 PM,HOME,Microsoft Print to PDF,A4,1:1.55313,
C:\Users\HOME\Desktop\Asad\EDUCATION CITY STRUCTURE DRAWINGS\STROM WATER TANK & PUMP HOUSE\STROM WATER TANK STRUCTURE.dwg,Model,2/18/2023 11:16:19 PM,HOME,Microsoft Print to PDF,A4,1:1.43366,
C:\Users\HOME\Desktop\Asad\EDUCATION CITY STRUCTURE DRAWINGS\STROM WATER TANK & PUMP HOUSE\STROM WATER TANK STRUCTURE.dwg,Model,2/18/2023 11:16:34 PM,HOME,Microsoft Print to PDF,A4,1:1.44285,
C:\Users\HOME\Desktop\Asad\EDUCATION CITY STRUCTURE DRAWINGS\TUBE WELL ROOM\TUBE WELL ROOM STRUCTURE.dwg,Model,2/18/2023 11:17:06 PM,HOME,Microsoft Print to PDF,A4,1:2.44602,
C:\Users\HOME\Desktop\Asad\EDUCATION CITY STRUCTURE DRAWINGS\TUBE WELL ROOM\TUBE WELL ROOM STRUCTURE.dwg,Model,2/18/2023 11:17:33 PM,HOME,Microsoft Print to PDF,A4,1:1.89809,
C:\Users\HOME\Desktop\Asad\EDUCATION CITY STRUCTURE DRAWINGS\TUBE WELL ROOM\TUBE WELL ROOM STRUCTURE.dwg,Model,2/18/2023 11:17:47 PM,HOME,Microsoft Print to PDF,A4,1:1.94397,
C:\Users\HOME\Desktop\Asad\EDUCATION CITY STRUCTURE DRAWINGS\UNDER GROUND WATER TANK\UGWT-STRUCTURE.dwg,Model,2/18/2023 11:18:24 PM,HOME,Microsoft Print to PDF,A4,1:3.54337,
C:\Users\HOME\Desktop\Asad\EDUCATION CITY STRUCTURE DRAWINGS\UNDER GROUND WATER TANK\UGWT-STRUCTURE.dwg,Model,2/18/2023 11:18:48 PM,HOME,Microsoft Print to PDF,A4,1:2.01641,
C:\Users\HOME\Desktop\Asad\EDUCATION CITY STRUCTURE DRAWINGS\CAR PARKING SHED\WITH SOLAR PANEL\SHED STRUCTURE.dwg,Model,2/18/2023 11:20:02 PM,HOME,Microsoft Print to PDF,A4,1:6.13616,
C:\Users\HOME\Desktop\Asad\EDUCATION CITY STRUCTURE DRAWINGS\CAR PARKING SHED\WITH SOLAR PANEL\SHED STRUCTURE.dwg,Model,2/18/2023 11:20:36 PM,HOME,Microsoft Print to PDF,A4,1:6.15306,
C:\Users\HOME\Desktop\Asad\EDUCATION CITY STRUCTURE DRAWINGS\CAR PARKING SHED\WITH SOLAR PANEL\SHED STRUCTURE.dwg,Model,2/18/2023 11:20:50 PM,HOME,Microsoft Print to PDF,A4,1:4.14148,
C:\Users\HOME\Desktop\Asad\EDUCATION CITY STRUCTURE DRAWINGS\CAR PARKING SHED\WITHOUT SOLAR PANEL\SHED STRUCTURE.dwg,Model,2/18/2023 11:21:27 PM,HOME,Microsoft Print to PDF,A4,1:5.8563,
C:\Users\HOME\Desktop\Asad\EDUCATION CITY STRUCTURE DRAWINGS\CAR PARKING SHED\WITHOUT SOLAR PANEL\SHED STRUCTURE.dwg,Model,2/18/2023 11:21:55 PM,HOME,Microsoft Print to PDF,A4,1:5.9922,
C:\Users\HOME\Desktop\Asad\EDUCATION CITY STRUCTURE DRAWINGS\CAR PARKING SHED\WITHOUT SOLAR PANEL\SHED STRUCTURE.dwg,Model,2/18/2023 11:22:09 PM,HOME,Microsoft Print to PDF,A4,1:4.94926,
C:\Users\HOME\Desktop\Asad\EDUCATION CITY STRUCTURE DRAWINGS\AUDITORIUM\RECEPTION & AUDITORIUM (R.C.C.).dwg,Model,2/18/2023 11:40:20 PM,HOME,Microsoft Print to PDF,A4,1:4.03615,
C:\Users\HOME\Desktop\Asad\EDUCATION CITY STRUCTURE DRAWINGS\AUDITORIUM\RECEPTION & AUDITORIUM (R.C.C.).dwg,Model,2/18/2023 11:41:13 PM,HOME,Microsoft Print to PDF,A4,1:5.64231,
C:\Users\HOME\Desktop\Asad\EDUCATION CITY STRUCTURE DRAWINGS\AUDITORIUM\RECEPTION & AUDITORIUM (R.C.C.).dwg,Model,2/18/2023 11:41:44 PM,HOME,Microsoft Print to PDF,A4,1:3.92757,
C:\Users\HOME\Desktop\Asad\EDUCATION CITY STRUCTURE DRAWINGS\CAR PARKING SHED\WITH SOLAR PANEL\SHED STRUCTURE.dwg,Model,2/18/2023 11:42:38 PM,HOME,Microsoft Print to PDF,A4,1:0.973515,
